{
  "RSpec": {
    "coverage": {
      "/Users/student/Documents/Projects/Bookmark_Manager/spec/bookmark_spec.rb": {
        "lines": [
          1,
          1,
          1,
          1,
          null,
          null
        ]
      },
      "/Users/student/Documents/Projects/Bookmark_Manager/spec/features/viewing_bookmarks_spec.rb": {
        "lines": [
          1,
          1,
          1,
          1,
          null,
          1,
          1,
          1,
          null,
          null
        ]
      },
      "/Users/student/Documents/Projects/Bookmark_Manager/spec/features/welcome_page_spec.rb": {
        "lines": [
          1,
          1,
          1,
          1,
          null,
          null
        ]
      }
    },
    "timestamp": 1595935261
  }
}
